[2026-07-20 03:37:54.749 INFO  1450]
Processing C:\-fortify-demo\src\main\java\demo\AdminController.java
[2026-07-20 03:37:54.827 INFO  1450]
Processing C:\-fortify-demo\src\main\java\demo\Config.java
[2026-07-20 03:37:54.841 INFO  1450]
Processing C:\-fortify-demo\src\main\java\demo\Database.java
[2026-07-20 03:37:54.864 INFO  1450]
Processing C:\-fortify-demo\src\main\java\demo\FileDownload.java
[2026-07-20 03:37:54.875 INFO  1450]
Processing C:\-fortify-demo\src\main\java\demo\LoggerService.java
[2026-07-20 03:37:54.886 INFO  1450]
Processing C:\-fortify-demo\src\main\java\demo\Login.java
[2026-07-20 03:37:54.902 INFO  1450]
Processing C:\-fortify-demo\src\main\java\demo\Main.java
[2026-07-20 03:37:54.909 INFO  1450]
Processing C:\-fortify-demo\src\main\java\demo\PasswordManager.java
[2026-07-20 03:37:54.916 INFO  1450]
Processing C:\-fortify-demo\src\main\java\demo\UserController.java
[2026-07-20 03:37:54.922 INFO  1450]
Processing C:\-fortify-demo\src\main\java\demo\Utils.java
